<?xml version="1.0" encoding="UTF-8"?>
<!-- Generated by org.testng.reporters.JUnitReportReporter -->
<testsuite skipped="0" hostname="Dhruv" name="Academy.E2EProject1.HomePage" tests="2" failures="0" timestamp="04 Jun 2020 20:13:18 GMT" time="68.222" errors="0">
  <testcase name="baseNavigation" time="34.106" classname="Academy.E2EProject1.HomePage"/>
  <testcase name="baseNavigation" time="34.116" classname="Academy.E2EProject1.HomePage"/>
</testsuite> <!-- Academy.E2EProject1.HomePage -->
