<?xml version="1.0" encoding="UTF-8"?>
<!-- Generated by org.testng.reporters.JUnitReportReporter -->
<testsuite skipped="0" hostname="Dhruv" name="Academy.E2EProject1.validateTitle" tests="1" failures="0" timestamp="04 Jun 2020 20:30:17 GMT" time="6.457" errors="0">
  <testcase name="validateTitleMethod" time="6.457" classname="Academy.E2EProject1.validateTitle"/>
</testsuite> <!-- Academy.E2EProject1.validateTitle -->
