<?xml version="1.0" encoding="UTF-8"?>
<!-- Generated by org.testng.reporters.JUnitReportReporter -->
<testsuite skipped="0" hostname="Dhruv" name="Academy.E2EProject1.validateNavBar" tests="1" failures="0" timestamp="10 Jun 2020 18:31:27 GMT" time="29.193" errors="0">
  <testcase name="validateNavMethod" time="29.193" classname="Academy.E2EProject1.validateNavBar"/>
</testsuite> <!-- Academy.E2EProject1.validateNavBar -->
