<?xml version="1.0" encoding="UTF-8"?>
<!-- Generated by org.testng.reporters.JUnitReportReporter -->
<testsuite skipped="0" hostname="Dhruv" name="Academy.E2EProject1.HomePage" tests="2" failures="0" timestamp="10 Jun 2020 18:31:27 GMT" time="98.007" errors="0">
  <testcase name="baseNavigation" time="28.204" classname="Academy.E2EProject1.HomePage"/>
  <testcase name="baseNavigation" time="69.803" classname="Academy.E2EProject1.HomePage"/>
</testsuite> <!-- Academy.E2EProject1.HomePage -->
